2025-06-20 08:39:02,667 [Worker-2: Loading available Gradle versions] INFO  o.e.b.c.i.u.g.PublishedGradleVersions - Gradle version information cache is up-to-date. Trying to read.
2025-06-23 08:24:07,475 [Worker-6: Loading available Gradle versions] INFO  o.e.b.c.i.u.g.PublishedGradleVersions - Gradle version information cache is out-of-date. Trying to update.
2025-06-25 08:19:19,032 [Worker-1: Loading available Gradle versions] INFO  o.e.b.c.i.u.g.PublishedGradleVersions - Gradle version information cache is up-to-date. Trying to read.
2025-06-27 08:19:08,458 [Worker-1: Loading available Gradle versions] INFO  o.e.b.c.i.u.g.PublishedGradleVersions - Gradle version information cache is up-to-date. Trying to read.
2025-06-30 08:19:17,869 [Worker-0: Loading available Gradle versions] INFO  o.e.b.c.i.u.g.PublishedGradleVersions - Gradle version information cache is out-of-date. Trying to update.
2025-07-02 08:18:21,801 [Worker-2: Loading available Gradle versions] INFO  o.e.b.c.i.u.g.PublishedGradleVersions - Gradle version information cache is up-to-date. Trying to read.
2025-07-07 08:41:41,792 [Worker-5: Loading available Gradle versions] INFO  o.e.b.c.i.u.g.PublishedGradleVersions - Gradle version information cache is up-to-date. Trying to read.
2025-07-09 08:14:29,296 [Worker-7: Loading available Gradle versions] INFO  o.e.b.c.i.u.g.PublishedGradleVersions - Gradle version information cache is up-to-date. Trying to read.
2025-07-11 08:17:29,000 [Worker-0: Loading available Gradle versions] INFO  o.e.b.c.i.u.g.PublishedGradleVersions - Gradle version information cache is up-to-date. Trying to read.
2025-07-18 08:31:49,305 [Worker-0: Loading available Gradle versions] INFO  o.e.b.c.i.u.g.PublishedGradleVersions - Gradle version information cache is up-to-date. Trying to read.
2025-07-18 08:47:39,422 [Worker-31: Launching mavenrun-7ebbd1d6-aff7-4d94-a845-4c6f8eb96e76] INFO  o.eclipse.m2e.core.internal.Bundles - getClasspathEntries(Bundle=org.eclipse.m2e.maven.runtime_3.9.700.20240602-2313 [642])
2025-07-18 08:47:39,424 [Worker-31: Launching mavenrun-7ebbd1d6-aff7-4d94-a845-4c6f8eb96e76] INFO  o.eclipse.m2e.core.internal.Bundles - 	Entry: C:\Users\Admin\.p2\pool\plugins\org.eclipse.m2e.maven.runtime_3.9.700.20240602-2313
2025-07-18 08:47:39,425 [Worker-31: Launching mavenrun-7ebbd1d6-aff7-4d94-a845-4c6f8eb96e76] INFO  o.eclipse.m2e.core.internal.Bundles - 	Entry: C:\Users\Admin\.p2\pool\plugins\org.eclipse.m2e.maven.runtime_3.9.700.20240602-2313\jars\aopalliance-1.0.jar
2025-07-18 08:47:39,425 [Worker-31: Launching mavenrun-7ebbd1d6-aff7-4d94-a845-4c6f8eb96e76] INFO  o.eclipse.m2e.core.internal.Bundles - 	Entry: C:\Users\Admin\.p2\pool\plugins\org.eclipse.m2e.maven.runtime_3.9.700.20240602-2313\jars\guice-5.1.0.jar
2025-07-18 08:47:39,425 [Worker-31: Launching mavenrun-7ebbd1d6-aff7-4d94-a845-4c6f8eb96e76] INFO  o.eclipse.m2e.core.internal.Bundles - 	Entry: C:\Users\Admin\.p2\pool\plugins\org.eclipse.m2e.maven.runtime_3.9.700.20240602-2313\jars\httpclient-4.5.14.jar
2025-07-18 08:47:39,425 [Worker-31: Launching mavenrun-7ebbd1d6-aff7-4d94-a845-4c6f8eb96e76] INFO  o.eclipse.m2e.core.internal.Bundles - 	Entry: C:\Users\Admin\.p2\pool\plugins\org.eclipse.m2e.maven.runtime_3.9.700.20240602-2313\jars\httpcore-4.4.16.jar
2025-07-18 08:47:39,425 [Worker-31: Launching mavenrun-7ebbd1d6-aff7-4d94-a845-4c6f8eb96e76] INFO  o.eclipse.m2e.core.internal.Bundles - 	Entry: C:\Users\Admin\.p2\pool\plugins\org.eclipse.m2e.maven.runtime_3.9.700.20240602-2313\jars\jansi-2.4.1.jar
2025-07-18 08:47:39,425 [Worker-31: Launching mavenrun-7ebbd1d6-aff7-4d94-a845-4c6f8eb96e76] INFO  o.eclipse.m2e.core.internal.Bundles - 	Entry: C:\Users\Admin\.p2\pool\plugins\org.eclipse.m2e.maven.runtime_3.9.700.20240602-2313\jars\jcl-over-slf4j-1.7.36.jar
2025-07-18 08:47:39,425 [Worker-31: Launching mavenrun-7ebbd1d6-aff7-4d94-a845-4c6f8eb96e76] INFO  o.eclipse.m2e.core.internal.Bundles - 	Entry: C:\Users\Admin\.p2\pool\plugins\org.eclipse.m2e.maven.runtime_3.9.700.20240602-2313\jars\maven-artifact-3.9.7.jar
2025-07-18 08:47:39,426 [Worker-31: Launching mavenrun-7ebbd1d6-aff7-4d94-a845-4c6f8eb96e76] INFO  o.eclipse.m2e.core.internal.Bundles - 	Entry: C:\Users\Admin\.p2\pool\plugins\org.eclipse.m2e.maven.runtime_3.9.700.20240602-2313\jars\maven-builder-support-3.9.7.jar
2025-07-18 08:47:39,426 [Worker-31: Launching mavenrun-7ebbd1d6-aff7-4d94-a845-4c6f8eb96e76] INFO  o.eclipse.m2e.core.internal.Bundles - 	Entry: C:\Users\Admin\.p2\pool\plugins\org.eclipse.m2e.maven.runtime_3.9.700.20240602-2313\jars\maven-compat-3.9.7.jar
2025-07-18 08:47:39,426 [Worker-31: Launching mavenrun-7ebbd1d6-aff7-4d94-a845-4c6f8eb96e76] INFO  o.eclipse.m2e.core.internal.Bundles - 	Entry: C:\Users\Admin\.p2\pool\plugins\org.eclipse.m2e.maven.runtime_3.9.700.20240602-2313\jars\maven-core-3.9.7.jar
2025-07-18 08:47:39,426 [Worker-31: Launching mavenrun-7ebbd1d6-aff7-4d94-a845-4c6f8eb96e76] INFO  o.eclipse.m2e.core.internal.Bundles - 	Entry: C:\Users\Admin\.p2\pool\plugins\org.eclipse.m2e.maven.runtime_3.9.700.20240602-2313\jars\maven-embedder-3.9.7.jar
2025-07-18 08:47:39,426 [Worker-31: Launching mavenrun-7ebbd1d6-aff7-4d94-a845-4c6f8eb96e76] INFO  o.eclipse.m2e.core.internal.Bundles - 	Entry: C:\Users\Admin\.p2\pool\plugins\org.eclipse.m2e.maven.runtime_3.9.700.20240602-2313\jars\maven-model-3.9.7.jar
2025-07-18 08:47:39,426 [Worker-31: Launching mavenrun-7ebbd1d6-aff7-4d94-a845-4c6f8eb96e76] INFO  o.eclipse.m2e.core.internal.Bundles - 	Entry: C:\Users\Admin\.p2\pool\plugins\org.eclipse.m2e.maven.runtime_3.9.700.20240602-2313\jars\maven-model-builder-3.9.7.jar
2025-07-18 08:47:39,426 [Worker-31: Launching mavenrun-7ebbd1d6-aff7-4d94-a845-4c6f8eb96e76] INFO  o.eclipse.m2e.core.internal.Bundles - 	Entry: C:\Users\Admin\.p2\pool\plugins\org.eclipse.m2e.maven.runtime_3.9.700.20240602-2313\jars\maven-plugin-api-3.9.7.jar
2025-07-18 08:47:39,426 [Worker-31: Launching mavenrun-7ebbd1d6-aff7-4d94-a845-4c6f8eb96e76] INFO  o.eclipse.m2e.core.internal.Bundles - 	Entry: C:\Users\Admin\.p2\pool\plugins\org.eclipse.m2e.maven.runtime_3.9.700.20240602-2313\jars\maven-repository-metadata-3.9.7.jar
2025-07-18 08:47:39,426 [Worker-31: Launching mavenrun-7ebbd1d6-aff7-4d94-a845-4c6f8eb96e76] INFO  o.eclipse.m2e.core.internal.Bundles - 	Entry: C:\Users\Admin\.p2\pool\plugins\org.eclipse.m2e.maven.runtime_3.9.700.20240602-2313\jars\maven-resolver-api-1.9.20.jar
2025-07-18 08:47:39,427 [Worker-31: Launching mavenrun-7ebbd1d6-aff7-4d94-a845-4c6f8eb96e76] INFO  o.eclipse.m2e.core.internal.Bundles - 	Entry: C:\Users\Admin\.p2\pool\plugins\org.eclipse.m2e.maven.runtime_3.9.700.20240602-2313\jars\maven-resolver-connector-basic-1.9.20.jar
2025-07-18 08:47:39,427 [Worker-31: Launching mavenrun-7ebbd1d6-aff7-4d94-a845-4c6f8eb96e76] INFO  o.eclipse.m2e.core.internal.Bundles - 	Entry: C:\Users\Admin\.p2\pool\plugins\org.eclipse.m2e.maven.runtime_3.9.700.20240602-2313\jars\maven-resolver-impl-1.9.20.jar
2025-07-18 08:47:39,427 [Worker-31: Launching mavenrun-7ebbd1d6-aff7-4d94-a845-4c6f8eb96e76] INFO  o.eclipse.m2e.core.internal.Bundles - 	Entry: C:\Users\Admin\.p2\pool\plugins\org.eclipse.m2e.maven.runtime_3.9.700.20240602-2313\jars\maven-resolver-named-locks-1.9.20.jar
2025-07-18 08:47:39,427 [Worker-31: Launching mavenrun-7ebbd1d6-aff7-4d94-a845-4c6f8eb96e76] INFO  o.eclipse.m2e.core.internal.Bundles - 	Entry: C:\Users\Admin\.p2\pool\plugins\org.eclipse.m2e.maven.runtime_3.9.700.20240602-2313\jars\maven-resolver-provider-3.9.7.jar
2025-07-18 08:47:39,427 [Worker-31: Launching mavenrun-7ebbd1d6-aff7-4d94-a845-4c6f8eb96e76] INFO  o.eclipse.m2e.core.internal.Bundles - 	Entry: C:\Users\Admin\.p2\pool\plugins\org.eclipse.m2e.maven.runtime_3.9.700.20240602-2313\jars\maven-resolver-spi-1.9.20.jar
2025-07-18 08:47:39,427 [Worker-31: Launching mavenrun-7ebbd1d6-aff7-4d94-a845-4c6f8eb96e76] INFO  o.eclipse.m2e.core.internal.Bundles - 	Entry: C:\Users\Admin\.p2\pool\plugins\org.eclipse.m2e.maven.runtime_3.9.700.20240602-2313\jars\maven-resolver-transport-file-1.9.20.jar
2025-07-18 08:47:39,427 [Worker-31: Launching mavenrun-7ebbd1d6-aff7-4d94-a845-4c6f8eb96e76] INFO  o.eclipse.m2e.core.internal.Bundles - 	Entry: C:\Users\Admin\.p2\pool\plugins\org.eclipse.m2e.maven.runtime_3.9.700.20240602-2313\jars\maven-resolver-transport-http-1.9.20.jar
2025-07-18 08:47:39,427 [Worker-31: Launching mavenrun-7ebbd1d6-aff7-4d94-a845-4c6f8eb96e76] INFO  o.eclipse.m2e.core.internal.Bundles - 	Entry: C:\Users\Admin\.p2\pool\plugins\org.eclipse.m2e.maven.runtime_3.9.700.20240602-2313\jars\maven-resolver-transport-wagon-1.9.20.jar
2025-07-18 08:47:39,427 [Worker-31: Launching mavenrun-7ebbd1d6-aff7-4d94-a845-4c6f8eb96e76] INFO  o.eclipse.m2e.core.internal.Bundles - 	Entry: C:\Users\Admin\.p2\pool\plugins\org.eclipse.m2e.maven.runtime_3.9.700.20240602-2313\jars\maven-resolver-util-1.9.20.jar
2025-07-18 08:47:39,428 [Worker-31: Launching mavenrun-7ebbd1d6-aff7-4d94-a845-4c6f8eb96e76] INFO  o.eclipse.m2e.core.internal.Bundles - 	Entry: C:\Users\Admin\.p2\pool\plugins\org.eclipse.m2e.maven.runtime_3.9.700.20240602-2313\jars\maven-settings-3.9.7.jar
2025-07-18 08:47:39,428 [Worker-31: Launching mavenrun-7ebbd1d6-aff7-4d94-a845-4c6f8eb96e76] INFO  o.eclipse.m2e.core.internal.Bundles - 	Entry: C:\Users\Admin\.p2\pool\plugins\org.eclipse.m2e.maven.runtime_3.9.700.20240602-2313\jars\maven-settings-builder-3.9.7.jar
2025-07-18 08:47:39,428 [Worker-31: Launching mavenrun-7ebbd1d6-aff7-4d94-a845-4c6f8eb96e76] INFO  o.eclipse.m2e.core.internal.Bundles - 	Entry: C:\Users\Admin\.p2\pool\plugins\org.eclipse.m2e.maven.runtime_3.9.700.20240602-2313\jars\maven-shared-utils-3.4.2.jar
2025-07-18 08:47:39,428 [Worker-31: Launching mavenrun-7ebbd1d6-aff7-4d94-a845-4c6f8eb96e76] INFO  o.eclipse.m2e.core.internal.Bundles - 	Entry: C:\Users\Admin\.p2\pool\plugins\org.eclipse.m2e.maven.runtime_3.9.700.20240602-2313\jars\org.eclipse.sisu.inject-0.9.0.M2.jar
2025-07-18 08:47:39,428 [Worker-31: Launching mavenrun-7ebbd1d6-aff7-4d94-a845-4c6f8eb96e76] INFO  o.eclipse.m2e.core.internal.Bundles - 	Entry: C:\Users\Admin\.p2\pool\plugins\org.eclipse.m2e.maven.runtime_3.9.700.20240602-2313\jars\org.eclipse.sisu.plexus-0.9.0.M2.jar
2025-07-18 08:47:39,428 [Worker-31: Launching mavenrun-7ebbd1d6-aff7-4d94-a845-4c6f8eb96e76] INFO  o.eclipse.m2e.core.internal.Bundles - 	Entry: C:\Users\Admin\.p2\pool\plugins\org.eclipse.m2e.maven.runtime_3.9.700.20240602-2313\jars\plexus-build-api-0.0.7.jar
2025-07-18 08:47:39,428 [Worker-31: Launching mavenrun-7ebbd1d6-aff7-4d94-a845-4c6f8eb96e76] INFO  o.eclipse.m2e.core.internal.Bundles - 	Entry: C:\Users\Admin\.p2\pool\plugins\org.eclipse.m2e.maven.runtime_3.9.700.20240602-2313\jars\plexus-build-api-1.2.0.jar
2025-07-18 08:47:39,428 [Worker-31: Launching mavenrun-7ebbd1d6-aff7-4d94-a845-4c6f8eb96e76] INFO  o.eclipse.m2e.core.internal.Bundles - 	Entry: C:\Users\Admin\.p2\pool\plugins\org.eclipse.m2e.maven.runtime_3.9.700.20240602-2313\jars\plexus-cipher-2.0.jar
2025-07-18 08:47:39,429 [Worker-31: Launching mavenrun-7ebbd1d6-aff7-4d94-a845-4c6f8eb96e76] INFO  o.eclipse.m2e.core.internal.Bundles - 	Entry: C:\Users\Admin\.p2\pool\plugins\org.eclipse.m2e.maven.runtime_3.9.700.20240602-2313\jars\plexus-classworlds-2.8.0.jar
2025-07-18 08:47:39,429 [Worker-31: Launching mavenrun-7ebbd1d6-aff7-4d94-a845-4c6f8eb96e76] INFO  o.eclipse.m2e.core.internal.Bundles - 	Entry: C:\Users\Admin\.p2\pool\plugins\org.eclipse.m2e.maven.runtime_3.9.700.20240602-2313\jars\plexus-component-annotations-2.1.0.jar
2025-07-18 08:47:39,429 [Worker-31: Launching mavenrun-7ebbd1d6-aff7-4d94-a845-4c6f8eb96e76] INFO  o.eclipse.m2e.core.internal.Bundles - 	Entry: C:\Users\Admin\.p2\pool\plugins\org.eclipse.m2e.maven.runtime_3.9.700.20240602-2313\jars\plexus-interpolation-1.27.jar
2025-07-18 08:47:39,429 [Worker-31: Launching mavenrun-7ebbd1d6-aff7-4d94-a845-4c6f8eb96e76] INFO  o.eclipse.m2e.core.internal.Bundles - 	Entry: C:\Users\Admin\.p2\pool\plugins\org.eclipse.m2e.maven.runtime_3.9.700.20240602-2313\jars\plexus-sec-dispatcher-2.0.jar
2025-07-18 08:47:39,429 [Worker-31: Launching mavenrun-7ebbd1d6-aff7-4d94-a845-4c6f8eb96e76] INFO  o.eclipse.m2e.core.internal.Bundles - 	Entry: C:\Users\Admin\.p2\pool\plugins\org.eclipse.m2e.maven.runtime_3.9.700.20240602-2313\jars\plexus-utils-3.5.1.jar
2025-07-18 08:47:39,429 [Worker-31: Launching mavenrun-7ebbd1d6-aff7-4d94-a845-4c6f8eb96e76] INFO  o.eclipse.m2e.core.internal.Bundles - 	Entry: C:\Users\Admin\.p2\pool\plugins\org.eclipse.m2e.maven.runtime_3.9.700.20240602-2313\jars\wagon-file-3.5.3.jar
2025-07-18 08:47:39,429 [Worker-31: Launching mavenrun-7ebbd1d6-aff7-4d94-a845-4c6f8eb96e76] INFO  o.eclipse.m2e.core.internal.Bundles - 	Entry: C:\Users\Admin\.p2\pool\plugins\org.eclipse.m2e.maven.runtime_3.9.700.20240602-2313\jars\wagon-http-3.5.3.jar
2025-07-18 08:47:39,429 [Worker-31: Launching mavenrun-7ebbd1d6-aff7-4d94-a845-4c6f8eb96e76] INFO  o.eclipse.m2e.core.internal.Bundles - 	Entry: C:\Users\Admin\.p2\pool\plugins\org.eclipse.m2e.maven.runtime_3.9.700.20240602-2313\jars\wagon-http-shared-3.5.3.jar
2025-07-18 08:47:39,429 [Worker-31: Launching mavenrun-7ebbd1d6-aff7-4d94-a845-4c6f8eb96e76] INFO  o.eclipse.m2e.core.internal.Bundles - 	Entry: C:\Users\Admin\.p2\pool\plugins\org.eclipse.m2e.maven.runtime_3.9.700.20240602-2313\jars\wagon-provider-api-3.5.3.jar
2025-07-18 08:47:39,431 [Worker-31: Launching mavenrun-7ebbd1d6-aff7-4d94-a845-4c6f8eb96e76] INFO  o.eclipse.m2e.core.internal.Bundles - getClasspathEntries(Bundle=com.google.guava_33.4.8.jre [1147])
2025-07-18 08:47:39,431 [Worker-31: Launching mavenrun-7ebbd1d6-aff7-4d94-a845-4c6f8eb96e76] INFO  o.eclipse.m2e.core.internal.Bundles - 	Entry: C:\Users\Admin\.p2\pool\plugins\com.google.guava_33.4.8.jre.jar
2025-07-18 08:47:39,431 [Worker-31: Launching mavenrun-7ebbd1d6-aff7-4d94-a845-4c6f8eb96e76] INFO  o.eclipse.m2e.core.internal.Bundles - getClasspathEntries(Bundle=slf4j.api_2.0.17 [1007])
2025-07-18 08:47:39,431 [Worker-31: Launching mavenrun-7ebbd1d6-aff7-4d94-a845-4c6f8eb96e76] INFO  o.eclipse.m2e.core.internal.Bundles - 	Entry: C:\Users\Admin\.p2\pool\plugins\slf4j.api_2.0.17.jar
2025-07-18 08:47:39,431 [Worker-31: Launching mavenrun-7ebbd1d6-aff7-4d94-a845-4c6f8eb96e76] INFO  o.eclipse.m2e.core.internal.Bundles - getClasspathEntries(Bundle=javax.inject_1.0.0.v20091030 [1223])
2025-07-18 08:47:39,432 [Worker-31: Launching mavenrun-7ebbd1d6-aff7-4d94-a845-4c6f8eb96e76] INFO  o.eclipse.m2e.core.internal.Bundles - 	Entry: C:\Users\Admin\.p2\pool\plugins\javax.inject_1.0.0.v20091030.jar
2025-07-18 08:47:39,432 [Worker-31: Launching mavenrun-7ebbd1d6-aff7-4d94-a845-4c6f8eb96e76] INFO  o.eclipse.m2e.core.internal.Bundles - getClasspathEntries(Bundle=javax.annotation_1.3.5.v20200909-1856 [44])
2025-07-18 08:47:39,432 [Worker-31: Launching mavenrun-7ebbd1d6-aff7-4d94-a845-4c6f8eb96e76] INFO  o.eclipse.m2e.core.internal.Bundles - 	Entry: C:\Users\Admin\.p2\pool\plugins\javax.annotation_1.3.5.v20200909-1856.jar
2025-07-18 08:47:39,432 [Worker-31: Launching mavenrun-7ebbd1d6-aff7-4d94-a845-4c6f8eb96e76] INFO  o.eclipse.m2e.core.internal.Bundles - getClasspathEntries(Bundle=org.apache.commons.cli_1.9.0 [1161])
2025-07-18 08:47:39,432 [Worker-31: Launching mavenrun-7ebbd1d6-aff7-4d94-a845-4c6f8eb96e76] INFO  o.eclipse.m2e.core.internal.Bundles - 	Entry: C:\Users\Admin\.p2\pool\plugins\org.apache.commons.cli_1.9.0.jar
2025-07-18 08:47:39,432 [Worker-31: Launching mavenrun-7ebbd1d6-aff7-4d94-a845-4c6f8eb96e76] INFO  o.eclipse.m2e.core.internal.Bundles - getClasspathEntries(Bundle=org.apache.commons.commons-codec_1.16.0 [81])
2025-07-18 08:47:39,433 [Worker-31: Launching mavenrun-7ebbd1d6-aff7-4d94-a845-4c6f8eb96e76] INFO  o.eclipse.m2e.core.internal.Bundles - 	Entry: C:\Users\Admin\.p2\pool\plugins\org.apache.commons.commons-codec_1.16.0.jar
2025-07-18 08:47:39,433 [Worker-31: Launching mavenrun-7ebbd1d6-aff7-4d94-a845-4c6f8eb96e76] INFO  o.eclipse.m2e.core.internal.Bundles - getClasspathEntries(Bundle=org.apache.commons.lang3_3.17.0 [1064])
2025-07-18 08:47:39,433 [Worker-31: Launching mavenrun-7ebbd1d6-aff7-4d94-a845-4c6f8eb96e76] INFO  o.eclipse.m2e.core.internal.Bundles - 	Entry: C:\Users\Admin\.p2\pool\plugins\org.apache.commons.lang3_3.17.0.jar
2025-07-18 08:47:39,433 [Worker-31: Launching mavenrun-7ebbd1d6-aff7-4d94-a845-4c6f8eb96e76] INFO  o.eclipse.m2e.core.internal.Bundles - getClasspathEntries(Bundle=com.google.guava.failureaccess_1.0.3 [1148])
2025-07-18 08:47:39,434 [Worker-31: Launching mavenrun-7ebbd1d6-aff7-4d94-a845-4c6f8eb96e76] INFO  o.eclipse.m2e.core.internal.Bundles - 	Entry: C:\Users\Admin\.p2\pool\plugins\com.google.guava.failureaccess_1.0.3.jar
2025-07-18 08:47:39,437 [Worker-31: Launching mavenrun-7ebbd1d6-aff7-4d94-a845-4c6f8eb96e76] INFO  o.e.m.i.launch.MavenLaunchDelegate - Run build in "C:\Users\Admin\AppData\Local\Temp\m2e-archetypeGenerator14540275059091918027":
2025-07-18 08:47:39,440 [Worker-31: Launching mavenrun-7ebbd1d6-aff7-4d94-a845-4c6f8eb96e76] INFO  o.e.m.i.launch.MavenLaunchDelegate -  mvn  -DarchetypeGroupId=org.apache.maven.archetypes -DarchetypeArtifactId=maven-archetype-quickstart -DarchetypeVersion=1.1 -DgroupId=basic -DartifactId=Selenium_Learning -Dversion=0.0.1-SNAPSHOT -Dpackage=basic -DoutputDirectory="C:\Users\Admin\Automation MWF 8-00" -Dstyle.color=always -U archetype:generate
2025-07-18 08:48:15,858 [Worker-27: Creating maven-archetype-quickstart] INFO  o.e.m.c.i.p.ProjectConfigurationManager - Collecting project info '/pom.xml' C:\Users\Admin\Automation MWF 8-00\Selenium_Learning\pom.xml
2025-07-18 08:48:16,464 [Worker-27: Creating maven-archetype-quickstart] INFO  o.e.m.c.i.l.LifecycleMappingFactory - Using org.eclipse.m2e.jdt.JarLifecycleMapping lifecycle mapping for MavenProject: basic:Selenium_Learning:0.0.1-SNAPSHOT @ C:\Users\Admin\Automation MWF 8-00\Selenium_Learning\pom.xml.
2025-07-18 08:48:17,054 [Worker-27: Creating maven-archetype-quickstart] INFO  o.e.m.j.i.AbstractJavaProjectConfigurator - Adding source folder /Selenium_Learning/src/main/java
2025-07-18 08:48:17,056 [Worker-27: Creating maven-archetype-quickstart] INFO  o.e.m.j.i.AbstractJavaProjectConfigurator - Adding resource folder /Selenium_Learning/src/main/resources
2025-07-18 08:48:17,060 [Worker-27: Creating maven-archetype-quickstart] INFO  o.e.m.j.i.AbstractJavaProjectConfigurator - Adding source folder /Selenium_Learning/src/test/java
2025-07-18 08:48:17,061 [Worker-27: Creating maven-archetype-quickstart] INFO  o.e.m.j.i.AbstractJavaProjectConfigurator - Adding resource folder /Selenium_Learning/src/test/resources
2025-07-18 08:48:17,152 [Worker-27: Creating maven-archetype-quickstart] INFO  o.e.m.c.i.p.ProjectConfigurationManager - Imported and configured 1 project(s) in 1 sec
2025-07-18 08:48:18,209 [Worker-54: Building] INFO  o.a.m.s.f.DefaultMavenResourcesFiltering - skip non existing resourceDirectory C:\Users\Admin\Automation MWF 8-00\Selenium_Learning\src\main\resources
2025-07-18 08:48:18,213 [Worker-54: Building] INFO  o.a.m.s.f.DefaultMavenResourcesFiltering - skip non existing resourceDirectory C:\Users\Admin\Automation MWF 8-00\Selenium_Learning\src\test\resources
2025-07-18 08:54:17,282 [Worker-31: Building] INFO  o.e.m.c.i.l.LifecycleMappingFactory - Using org.eclipse.m2e.jdt.JarLifecycleMapping lifecycle mapping for MavenProject: basic:Selenium_Learning:0.0.1-SNAPSHOT @ C:\Users\Admin\Automation MWF 8-00\Selenium_Learning\pom.xml.
2025-07-18 08:54:17,678 [Worker-31: Building] INFO  o.a.m.s.f.DefaultMavenResourcesFiltering - skip non existing resourceDirectory C:\Users\Admin\Automation MWF 8-00\Selenium_Learning\src\main\resources
2025-07-18 08:54:17,682 [Worker-31: Building] INFO  o.a.m.s.f.DefaultMavenResourcesFiltering - skip non existing resourceDirectory C:\Users\Admin\Automation MWF 8-00\Selenium_Learning\src\test\resources
2025-07-18 08:54:19,281 [Worker-60: Building] INFO  o.a.m.s.f.DefaultMavenResourcesFiltering - skip non existing resourceDirectory C:\Users\Admin\Automation MWF 8-00\Selenium_Learning\src\main\resources
2025-07-18 08:54:19,284 [Worker-60: Building] INFO  o.a.m.s.f.DefaultMavenResourcesFiltering - skip non existing resourceDirectory C:\Users\Admin\Automation MWF 8-00\Selenium_Learning\src\test\resources
2025-07-18 08:54:47,807 [Worker-58: Updating Maven Project] INFO  o.e.m.c.i.p.ProjectConfigurationManager - Update started
2025-07-18 08:54:47,980 [Worker-58: Updating Maven Project] INFO  o.e.m.c.i.l.LifecycleMappingFactory - Using org.eclipse.m2e.jdt.JarLifecycleMapping lifecycle mapping for MavenProject: basic:Selenium_Learning:0.0.1-SNAPSHOT @ C:\Users\Admin\Automation MWF 8-00\Selenium_Learning\pom.xml.
2025-07-18 08:54:48,259 [Worker-58: Updating Maven Project] INFO  o.e.m.j.i.AbstractJavaProjectConfigurator - Adding source folder /Selenium_Learning/src/main/java
2025-07-18 08:54:48,261 [Worker-58: Updating Maven Project] INFO  o.e.m.j.i.AbstractJavaProjectConfigurator - Adding resource folder /Selenium_Learning/src/main/resources
2025-07-18 08:54:48,261 [Worker-58: Updating Maven Project] INFO  o.e.m.j.i.AbstractJavaProjectConfigurator - Adding source folder /Selenium_Learning/src/test/java
2025-07-18 08:54:48,262 [Worker-58: Updating Maven Project] INFO  o.e.m.j.i.AbstractJavaProjectConfigurator - Adding resource folder /Selenium_Learning/src/test/resources
2025-07-18 08:54:48,387 [Worker-58: Updating Maven Project] INFO  o.e.m.c.i.p.ProjectConfigurationManager - Update completed for 1 poms: local refresh takes 0.00 sec, refresh facades takes 0.00 sec, update config takes 0.00 sec 
2025-07-18 08:54:48,609 [Worker-61: Building] INFO  o.a.m.s.f.DefaultMavenResourcesFiltering - skip non existing resourceDirectory C:\Users\Admin\Automation MWF 8-00\Selenium_Learning\src\main\resources
2025-07-18 08:54:48,612 [Worker-61: Building] INFO  o.a.m.s.f.DefaultMavenResourcesFiltering - skip non existing resourceDirectory C:\Users\Admin\Automation MWF 8-00\Selenium_Learning\src\test\resources
2025-07-18 08:54:52,833 [Worker-57: Building] INFO  o.e.m.c.i.l.LifecycleMappingFactory - Using org.eclipse.m2e.jdt.JarLifecycleMapping lifecycle mapping for MavenProject: basic:Selenium_Learning:0.0.1-SNAPSHOT @ C:\Users\Admin\Automation MWF 8-00\Selenium_Learning\pom.xml.
2025-07-18 08:54:53,091 [Worker-57: Building] INFO  o.a.m.s.f.DefaultMavenResourcesFiltering - skip non existing resourceDirectory C:\Users\Admin\Automation MWF 8-00\Selenium_Learning\src\main\resources
2025-07-18 08:54:53,093 [Worker-57: Building] INFO  o.a.m.s.f.DefaultMavenResourcesFiltering - skip non existing resourceDirectory C:\Users\Admin\Automation MWF 8-00\Selenium_Learning\src\test\resources
2025-07-18 08:55:39,031 [Worker-31: Building] INFO  o.e.m.c.i.l.LifecycleMappingFactory - Using org.eclipse.m2e.jdt.JarLifecycleMapping lifecycle mapping for MavenProject: basic:Selenium_Learning:0.0.1-SNAPSHOT @ C:\Users\Admin\Automation MWF 8-00\Selenium_Learning\pom.xml.
2025-07-18 08:55:39,267 [Worker-31: Building] INFO  o.a.m.s.f.DefaultMavenResourcesFiltering - skip non existing resourceDirectory C:\Users\Admin\Automation MWF 8-00\Selenium_Learning\src\main\resources
2025-07-18 08:55:39,271 [Worker-31: Building] INFO  o.a.m.s.f.DefaultMavenResourcesFiltering - skip non existing resourceDirectory C:\Users\Admin\Automation MWF 8-00\Selenium_Learning\src\test\resources
2025-07-18 09:09:53,755 [Worker-58: Building] INFO  o.a.m.s.f.DefaultMavenResourcesFiltering - skip non existing resourceDirectory C:\Users\Admin\Automation MWF 8-00\Selenium_Learning\src\main\resources
2025-07-18 09:09:53,759 [Worker-58: Building] INFO  o.a.m.s.f.DefaultMavenResourcesFiltering - skip non existing resourceDirectory C:\Users\Admin\Automation MWF 8-00\Selenium_Learning\src\test\resources
2025-07-18 09:10:01,653 [Worker-58: Building] INFO  o.a.m.s.f.DefaultMavenResourcesFiltering - skip non existing resourceDirectory C:\Users\Admin\Automation MWF 8-00\Selenium_Learning\src\main\resources
2025-07-18 09:10:01,655 [Worker-58: Building] INFO  o.a.m.s.f.DefaultMavenResourcesFiltering - skip non existing resourceDirectory C:\Users\Admin\Automation MWF 8-00\Selenium_Learning\src\test\resources
2025-07-18 09:10:28,526 [Worker-64: Building] INFO  o.a.m.s.f.DefaultMavenResourcesFiltering - skip non existing resourceDirectory C:\Users\Admin\Automation MWF 8-00\Selenium_Learning\src\main\resources
2025-07-18 09:10:28,528 [Worker-64: Building] INFO  o.a.m.s.f.DefaultMavenResourcesFiltering - skip non existing resourceDirectory C:\Users\Admin\Automation MWF 8-00\Selenium_Learning\src\test\resources
2025-07-18 09:11:04,726 [Worker-65: Building] INFO  o.a.m.s.f.DefaultMavenResourcesFiltering - skip non existing resourceDirectory C:\Users\Admin\Automation MWF 8-00\Selenium_Learning\src\main\resources
2025-07-18 09:11:04,727 [Worker-65: Building] INFO  o.a.m.s.f.DefaultMavenResourcesFiltering - skip non existing resourceDirectory C:\Users\Admin\Automation MWF 8-00\Selenium_Learning\src\test\resources
2025-07-18 09:12:39,606 [Worker-66: Building] INFO  o.a.m.s.f.DefaultMavenResourcesFiltering - skip non existing resourceDirectory C:\Users\Admin\Automation MWF 8-00\Selenium_Learning\src\main\resources
2025-07-18 09:12:39,608 [Worker-66: Building] INFO  o.a.m.s.f.DefaultMavenResourcesFiltering - skip non existing resourceDirectory C:\Users\Admin\Automation MWF 8-00\Selenium_Learning\src\test\resources
2025-07-18 09:12:45,621 [Worker-65: Building] INFO  o.a.m.s.f.DefaultMavenResourcesFiltering - skip non existing resourceDirectory C:\Users\Admin\Automation MWF 8-00\Selenium_Learning\src\main\resources
2025-07-18 09:12:45,622 [Worker-65: Building] INFO  o.a.m.s.f.DefaultMavenResourcesFiltering - skip non existing resourceDirectory C:\Users\Admin\Automation MWF 8-00\Selenium_Learning\src\test\resources
2025-07-18 09:13:24,994 [Worker-58: Building] INFO  o.a.m.s.f.DefaultMavenResourcesFiltering - skip non existing resourceDirectory C:\Users\Admin\Automation MWF 8-00\Selenium_Learning\src\main\resources
2025-07-18 09:13:24,996 [Worker-58: Building] INFO  o.a.m.s.f.DefaultMavenResourcesFiltering - skip non existing resourceDirectory C:\Users\Admin\Automation MWF 8-00\Selenium_Learning\src\test\resources
2025-07-18 09:14:00,156 [Worker-67: Building] INFO  o.a.m.s.f.DefaultMavenResourcesFiltering - skip non existing resourceDirectory C:\Users\Admin\Automation MWF 8-00\Selenium_Learning\src\main\resources
2025-07-18 09:14:00,158 [Worker-67: Building] INFO  o.a.m.s.f.DefaultMavenResourcesFiltering - skip non existing resourceDirectory C:\Users\Admin\Automation MWF 8-00\Selenium_Learning\src\test\resources
2025-07-18 09:14:30,842 [Worker-66: Building] INFO  o.a.m.s.f.DefaultMavenResourcesFiltering - skip non existing resourceDirectory C:\Users\Admin\Automation MWF 8-00\Selenium_Learning\src\main\resources
2025-07-18 09:14:30,843 [Worker-66: Building] INFO  o.a.m.s.f.DefaultMavenResourcesFiltering - skip non existing resourceDirectory C:\Users\Admin\Automation MWF 8-00\Selenium_Learning\src\test\resources
2025-07-18 09:14:48,139 [Worker-58: Building] INFO  o.a.m.s.f.DefaultMavenResourcesFiltering - skip non existing resourceDirectory C:\Users\Admin\Automation MWF 8-00\Selenium_Learning\src\main\resources
2025-07-18 09:14:48,140 [Worker-58: Building] INFO  o.a.m.s.f.DefaultMavenResourcesFiltering - skip non existing resourceDirectory C:\Users\Admin\Automation MWF 8-00\Selenium_Learning\src\test\resources
2025-07-18 09:15:31,329 [Worker-68: Building] INFO  o.a.m.s.f.DefaultMavenResourcesFiltering - skip non existing resourceDirectory C:\Users\Admin\Automation MWF 8-00\Selenium_Learning\src\main\resources
2025-07-18 09:15:31,331 [Worker-68: Building] INFO  o.a.m.s.f.DefaultMavenResourcesFiltering - skip non existing resourceDirectory C:\Users\Admin\Automation MWF 8-00\Selenium_Learning\src\test\resources
2025-07-21 08:54:30,318 [Worker-11: Loading available Gradle versions] INFO  o.e.b.c.i.u.g.PublishedGradleVersions - Gradle version information cache is out-of-date. Trying to update.
2025-07-21 08:54:38,876 [Worker-1: Building] INFO  o.a.m.s.f.DefaultMavenResourcesFiltering - skip non existing resourceDirectory C:\Users\Admin\Automation MWF 8-00\Selenium_Learning\src\main\resources
2025-07-21 08:54:38,881 [Worker-1: Building] INFO  o.a.m.s.f.DefaultMavenResourcesFiltering - skip non existing resourceDirectory C:\Users\Admin\Automation MWF 8-00\Selenium_Learning\src\test\resources
2025-07-21 08:55:44,080 [Worker-1: Building] INFO  o.a.m.s.f.DefaultMavenResourcesFiltering - skip non existing resourceDirectory C:\Users\Admin\Automation MWF 8-00\Selenium_Learning\src\main\resources
2025-07-21 08:55:44,082 [Worker-1: Building] INFO  o.a.m.s.f.DefaultMavenResourcesFiltering - skip non existing resourceDirectory C:\Users\Admin\Automation MWF 8-00\Selenium_Learning\src\test\resources
2025-07-21 08:55:54,912 [Worker-3: Building] INFO  o.a.m.s.f.DefaultMavenResourcesFiltering - skip non existing resourceDirectory C:\Users\Admin\Automation MWF 8-00\Selenium_Learning\src\main\resources
2025-07-21 08:55:54,914 [Worker-3: Building] INFO  o.a.m.s.f.DefaultMavenResourcesFiltering - skip non existing resourceDirectory C:\Users\Admin\Automation MWF 8-00\Selenium_Learning\src\test\resources
2025-07-21 08:56:01,937 [Worker-14: Building] INFO  o.a.m.s.f.DefaultMavenResourcesFiltering - skip non existing resourceDirectory C:\Users\Admin\Automation MWF 8-00\Selenium_Learning\src\main\resources
2025-07-21 08:56:01,939 [Worker-14: Building] INFO  o.a.m.s.f.DefaultMavenResourcesFiltering - skip non existing resourceDirectory C:\Users\Admin\Automation MWF 8-00\Selenium_Learning\src\test\resources
2025-07-21 08:56:48,628 [Worker-23: Building] INFO  o.a.m.s.f.DefaultMavenResourcesFiltering - skip non existing resourceDirectory C:\Users\Admin\Automation MWF 8-00\Selenium_Learning\src\main\resources
2025-07-21 08:56:48,630 [Worker-23: Building] INFO  o.a.m.s.f.DefaultMavenResourcesFiltering - skip non existing resourceDirectory C:\Users\Admin\Automation MWF 8-00\Selenium_Learning\src\test\resources
2025-07-21 08:57:37,145 [Worker-20: Building] INFO  o.a.m.s.f.DefaultMavenResourcesFiltering - skip non existing resourceDirectory C:\Users\Admin\Automation MWF 8-00\Selenium_Learning\src\main\resources
2025-07-21 08:57:37,147 [Worker-20: Building] INFO  o.a.m.s.f.DefaultMavenResourcesFiltering - skip non existing resourceDirectory C:\Users\Admin\Automation MWF 8-00\Selenium_Learning\src\test\resources
2025-07-21 08:57:38,601 [Worker-3: Building] INFO  o.a.m.s.f.DefaultMavenResourcesFiltering - skip non existing resourceDirectory C:\Users\Admin\Automation MWF 8-00\Selenium_Learning\src\main\resources
2025-07-21 08:57:38,602 [Worker-3: Building] INFO  o.a.m.s.f.DefaultMavenResourcesFiltering - skip non existing resourceDirectory C:\Users\Admin\Automation MWF 8-00\Selenium_Learning\src\test\resources
2025-07-21 08:57:41,647 [Worker-2: Building] INFO  o.a.m.s.f.DefaultMavenResourcesFiltering - skip non existing resourceDirectory C:\Users\Admin\Automation MWF 8-00\Selenium_Learning\src\main\resources
2025-07-21 08:57:41,650 [Worker-2: Building] INFO  o.a.m.s.f.DefaultMavenResourcesFiltering - skip non existing resourceDirectory C:\Users\Admin\Automation MWF 8-00\Selenium_Learning\src\test\resources
2025-07-21 08:59:22,552 [Worker-22: Building] INFO  o.a.m.s.f.DefaultMavenResourcesFiltering - skip non existing resourceDirectory C:\Users\Admin\Automation MWF 8-00\Selenium_Learning\src\main\resources
2025-07-21 08:59:22,555 [Worker-22: Building] INFO  o.a.m.s.f.DefaultMavenResourcesFiltering - skip non existing resourceDirectory C:\Users\Admin\Automation MWF 8-00\Selenium_Learning\src\test\resources
2025-07-21 09:00:03,196 [Worker-5: Building] INFO  o.a.m.s.f.DefaultMavenResourcesFiltering - skip non existing resourceDirectory C:\Users\Admin\Automation MWF 8-00\Selenium_Learning\src\main\resources
2025-07-21 09:00:03,197 [Worker-5: Building] INFO  o.a.m.s.f.DefaultMavenResourcesFiltering - skip non existing resourceDirectory C:\Users\Admin\Automation MWF 8-00\Selenium_Learning\src\test\resources
2025-07-21 09:00:25,931 [Worker-16: Building] INFO  o.a.m.s.f.DefaultMavenResourcesFiltering - skip non existing resourceDirectory C:\Users\Admin\Automation MWF 8-00\Selenium_Learning\src\main\resources
2025-07-21 09:00:25,933 [Worker-16: Building] INFO  o.a.m.s.f.DefaultMavenResourcesFiltering - skip non existing resourceDirectory C:\Users\Admin\Automation MWF 8-00\Selenium_Learning\src\test\resources
2025-07-21 09:01:13,296 [Worker-1: Building] INFO  o.a.m.s.f.DefaultMavenResourcesFiltering - skip non existing resourceDirectory C:\Users\Admin\Automation MWF 8-00\Selenium_Learning\src\main\resources
2025-07-21 09:01:13,298 [Worker-1: Building] INFO  o.a.m.s.f.DefaultMavenResourcesFiltering - skip non existing resourceDirectory C:\Users\Admin\Automation MWF 8-00\Selenium_Learning\src\test\resources
2025-07-21 09:02:04,010 [Worker-0: Building] INFO  o.a.m.s.f.DefaultMavenResourcesFiltering - skip non existing resourceDirectory C:\Users\Admin\Automation MWF 8-00\Selenium_Learning\src\main\resources
2025-07-21 09:02:04,012 [Worker-0: Building] INFO  o.a.m.s.f.DefaultMavenResourcesFiltering - skip non existing resourceDirectory C:\Users\Admin\Automation MWF 8-00\Selenium_Learning\src\test\resources
2025-07-21 09:02:10,523 [Worker-5: Building] INFO  o.a.m.s.f.DefaultMavenResourcesFiltering - skip non existing resourceDirectory C:\Users\Admin\Automation MWF 8-00\Selenium_Learning\src\main\resources
2025-07-21 09:02:10,524 [Worker-5: Building] INFO  o.a.m.s.f.DefaultMavenResourcesFiltering - skip non existing resourceDirectory C:\Users\Admin\Automation MWF 8-00\Selenium_Learning\src\test\resources
2025-07-21 09:02:24,442 [Worker-15: Building] INFO  o.a.m.s.f.DefaultMavenResourcesFiltering - skip non existing resourceDirectory C:\Users\Admin\Automation MWF 8-00\Selenium_Learning\src\main\resources
2025-07-21 09:02:24,443 [Worker-15: Building] INFO  o.a.m.s.f.DefaultMavenResourcesFiltering - skip non existing resourceDirectory C:\Users\Admin\Automation MWF 8-00\Selenium_Learning\src\test\resources
2025-07-21 09:02:25,897 [Worker-8: Building] INFO  o.a.m.s.f.DefaultMavenResourcesFiltering - skip non existing resourceDirectory C:\Users\Admin\Automation MWF 8-00\Selenium_Learning\src\main\resources
2025-07-21 09:02:25,899 [Worker-8: Building] INFO  o.a.m.s.f.DefaultMavenResourcesFiltering - skip non existing resourceDirectory C:\Users\Admin\Automation MWF 8-00\Selenium_Learning\src\test\resources
2025-07-23 08:19:31,521 [Worker-6: Loading available Gradle versions] INFO  o.e.b.c.i.u.g.PublishedGradleVersions - Gradle version information cache is up-to-date. Trying to read.
2025-07-23 08:29:06,461 [Worker-23: Building] INFO  o.e.m.c.i.l.LifecycleMappingFactory - Using org.eclipse.m2e.jdt.JarLifecycleMapping lifecycle mapping for MavenProject: basic:Selenium_Learning:0.0.1-SNAPSHOT @ C:\Users\Admin\Automation MWF 8-00\Selenium_Learning\pom.xml.
2025-07-23 08:29:06,948 [Worker-23: Building] INFO  o.a.m.s.f.DefaultMavenResourcesFiltering - skip non existing resourceDirectory C:\Users\Admin\Automation MWF 8-00\Selenium_Learning\src\main\resources
2025-07-23 08:29:06,956 [Worker-23: Building] INFO  o.a.m.s.f.DefaultMavenResourcesFiltering - skip non existing resourceDirectory C:\Users\Admin\Automation MWF 8-00\Selenium_Learning\src\test\resources
2025-07-23 12:37:01,971 [Worker-54: Building] INFO  o.a.m.s.f.DefaultMavenResourcesFiltering - skip non existing resourceDirectory C:\Users\Admin\Automation MWF 8-00\Selenium_Learning\src\main\resources
2025-07-23 12:37:01,974 [Worker-54: Building] INFO  o.a.m.s.f.DefaultMavenResourcesFiltering - skip non existing resourceDirectory C:\Users\Admin\Automation MWF 8-00\Selenium_Learning\src\test\resources
2025-07-25 08:18:56,889 [Worker-9: Loading available Gradle versions] INFO  o.e.b.c.i.u.g.PublishedGradleVersions - Gradle version information cache is up-to-date. Trying to read.
2025-07-25 08:22:12,468 [Worker-19: Building] INFO  o.a.m.s.f.DefaultMavenResourcesFiltering - skip non existing resourceDirectory C:\Users\Admin\Automation MWF 8-00\Selenium_Learning\src\main\resources
2025-07-25 08:22:12,473 [Worker-19: Building] INFO  o.a.m.s.f.DefaultMavenResourcesFiltering - skip non existing resourceDirectory C:\Users\Admin\Automation MWF 8-00\Selenium_Learning\src\test\resources
2025-07-25 08:23:22,608 [Worker-19: Building] INFO  o.a.m.s.f.DefaultMavenResourcesFiltering - skip non existing resourceDirectory C:\Users\Admin\Automation MWF 8-00\Selenium_Learning\src\main\resources
2025-07-25 08:23:22,611 [Worker-19: Building] INFO  o.a.m.s.f.DefaultMavenResourcesFiltering - skip non existing resourceDirectory C:\Users\Admin\Automation MWF 8-00\Selenium_Learning\src\test\resources
2025-07-25 08:23:39,840 [Worker-0: Building] INFO  o.a.m.s.f.DefaultMavenResourcesFiltering - skip non existing resourceDirectory C:\Users\Admin\Automation MWF 8-00\Selenium_Learning\src\main\resources
2025-07-25 08:23:39,844 [Worker-0: Building] INFO  o.a.m.s.f.DefaultMavenResourcesFiltering - skip non existing resourceDirectory C:\Users\Admin\Automation MWF 8-00\Selenium_Learning\src\test\resources
2025-07-25 08:23:46,421 [Worker-22: Building] INFO  o.a.m.s.f.DefaultMavenResourcesFiltering - skip non existing resourceDirectory C:\Users\Admin\Automation MWF 8-00\Selenium_Learning\src\main\resources
2025-07-25 08:23:46,423 [Worker-22: Building] INFO  o.a.m.s.f.DefaultMavenResourcesFiltering - skip non existing resourceDirectory C:\Users\Admin\Automation MWF 8-00\Selenium_Learning\src\test\resources
2025-07-25 08:25:00,291 [Worker-17: Building] INFO  o.a.m.s.f.DefaultMavenResourcesFiltering - skip non existing resourceDirectory C:\Users\Admin\Automation MWF 8-00\Selenium_Learning\src\main\resources
2025-07-25 08:25:00,293 [Worker-17: Building] INFO  o.a.m.s.f.DefaultMavenResourcesFiltering - skip non existing resourceDirectory C:\Users\Admin\Automation MWF 8-00\Selenium_Learning\src\test\resources
2025-07-25 08:25:06,345 [Worker-9: Building] INFO  o.a.m.s.f.DefaultMavenResourcesFiltering - skip non existing resourceDirectory C:\Users\Admin\Automation MWF 8-00\Selenium_Learning\src\main\resources
2025-07-25 08:25:06,347 [Worker-9: Building] INFO  o.a.m.s.f.DefaultMavenResourcesFiltering - skip non existing resourceDirectory C:\Users\Admin\Automation MWF 8-00\Selenium_Learning\src\test\resources
2025-07-25 08:25:07,392 [Worker-19: Building] INFO  o.a.m.s.f.DefaultMavenResourcesFiltering - skip non existing resourceDirectory C:\Users\Admin\Automation MWF 8-00\Selenium_Learning\src\main\resources
2025-07-25 08:25:07,393 [Worker-19: Building] INFO  o.a.m.s.f.DefaultMavenResourcesFiltering - skip non existing resourceDirectory C:\Users\Admin\Automation MWF 8-00\Selenium_Learning\src\test\resources
2025-07-25 08:25:40,299 [Worker-19: Building] INFO  o.a.m.s.f.DefaultMavenResourcesFiltering - skip non existing resourceDirectory C:\Users\Admin\Automation MWF 8-00\Selenium_Learning\src\main\resources
2025-07-25 08:25:40,301 [Worker-19: Building] INFO  o.a.m.s.f.DefaultMavenResourcesFiltering - skip non existing resourceDirectory C:\Users\Admin\Automation MWF 8-00\Selenium_Learning\src\test\resources
2025-07-25 08:26:30,402 [Worker-9: Building] INFO  o.a.m.s.f.DefaultMavenResourcesFiltering - skip non existing resourceDirectory C:\Users\Admin\Automation MWF 8-00\Selenium_Learning\src\main\resources
2025-07-25 08:26:30,405 [Worker-9: Building] INFO  o.a.m.s.f.DefaultMavenResourcesFiltering - skip non existing resourceDirectory C:\Users\Admin\Automation MWF 8-00\Selenium_Learning\src\test\resources
2025-07-25 08:26:52,046 [Worker-19: Building] INFO  o.a.m.s.f.DefaultMavenResourcesFiltering - skip non existing resourceDirectory C:\Users\Admin\Automation MWF 8-00\Selenium_Learning\src\main\resources
2025-07-25 08:26:52,048 [Worker-19: Building] INFO  o.a.m.s.f.DefaultMavenResourcesFiltering - skip non existing resourceDirectory C:\Users\Admin\Automation MWF 8-00\Selenium_Learning\src\test\resources
2025-07-25 08:31:42,087 [Worker-23: Building] INFO  o.a.m.s.f.DefaultMavenResourcesFiltering - skip non existing resourceDirectory C:\Users\Admin\Automation MWF 8-00\Selenium_Learning\src\main\resources
2025-07-25 08:31:42,092 [Worker-23: Building] INFO  o.a.m.s.f.DefaultMavenResourcesFiltering - skip non existing resourceDirectory C:\Users\Admin\Automation MWF 8-00\Selenium_Learning\src\test\resources
2025-07-25 08:31:46,413 [Worker-26: Building] INFO  o.a.m.s.f.DefaultMavenResourcesFiltering - skip non existing resourceDirectory C:\Users\Admin\Automation MWF 8-00\Selenium_Learning\src\main\resources
2025-07-25 08:31:46,414 [Worker-26: Building] INFO  o.a.m.s.f.DefaultMavenResourcesFiltering - skip non existing resourceDirectory C:\Users\Admin\Automation MWF 8-00\Selenium_Learning\src\test\resources
2025-07-25 08:33:20,454 [Worker-26: Building] INFO  o.a.m.s.f.DefaultMavenResourcesFiltering - skip non existing resourceDirectory C:\Users\Admin\Automation MWF 8-00\Selenium_Learning\src\main\resources
2025-07-25 08:33:20,457 [Worker-26: Building] INFO  o.a.m.s.f.DefaultMavenResourcesFiltering - skip non existing resourceDirectory C:\Users\Admin\Automation MWF 8-00\Selenium_Learning\src\test\resources
2025-07-25 08:33:22,530 [Worker-25: Building] INFO  o.a.m.s.f.DefaultMavenResourcesFiltering - skip non existing resourceDirectory C:\Users\Admin\Automation MWF 8-00\Selenium_Learning\src\main\resources
2025-07-25 08:33:22,532 [Worker-25: Building] INFO  o.a.m.s.f.DefaultMavenResourcesFiltering - skip non existing resourceDirectory C:\Users\Admin\Automation MWF 8-00\Selenium_Learning\src\test\resources
2025-07-25 08:33:47,455 [Worker-26: Building] INFO  o.a.m.s.f.DefaultMavenResourcesFiltering - skip non existing resourceDirectory C:\Users\Admin\Automation MWF 8-00\Selenium_Learning\src\main\resources
2025-07-25 08:33:47,457 [Worker-26: Building] INFO  o.a.m.s.f.DefaultMavenResourcesFiltering - skip non existing resourceDirectory C:\Users\Admin\Automation MWF 8-00\Selenium_Learning\src\test\resources
2025-07-25 08:34:26,026 [Worker-27: Building] INFO  o.a.m.s.f.DefaultMavenResourcesFiltering - skip non existing resourceDirectory C:\Users\Admin\Automation MWF 8-00\Selenium_Learning\src\main\resources
2025-07-25 08:34:26,028 [Worker-27: Building] INFO  o.a.m.s.f.DefaultMavenResourcesFiltering - skip non existing resourceDirectory C:\Users\Admin\Automation MWF 8-00\Selenium_Learning\src\test\resources
2025-07-25 08:34:27,206 [Worker-27: Building] INFO  o.a.m.s.f.DefaultMavenResourcesFiltering - skip non existing resourceDirectory C:\Users\Admin\Automation MWF 8-00\Selenium_Learning\src\main\resources
2025-07-25 08:34:27,208 [Worker-27: Building] INFO  o.a.m.s.f.DefaultMavenResourcesFiltering - skip non existing resourceDirectory C:\Users\Admin\Automation MWF 8-00\Selenium_Learning\src\test\resources
2025-07-25 08:35:00,334 [Worker-23: Building] INFO  o.a.m.s.f.DefaultMavenResourcesFiltering - skip non existing resourceDirectory C:\Users\Admin\Automation MWF 8-00\Selenium_Learning\src\main\resources
2025-07-25 08:35:00,336 [Worker-23: Building] INFO  o.a.m.s.f.DefaultMavenResourcesFiltering - skip non existing resourceDirectory C:\Users\Admin\Automation MWF 8-00\Selenium_Learning\src\test\resources
2025-07-25 08:35:09,082 [Worker-23: Building] INFO  o.a.m.s.f.DefaultMavenResourcesFiltering - skip non existing resourceDirectory C:\Users\Admin\Automation MWF 8-00\Selenium_Learning\src\main\resources
2025-07-25 08:35:09,084 [Worker-23: Building] INFO  o.a.m.s.f.DefaultMavenResourcesFiltering - skip non existing resourceDirectory C:\Users\Admin\Automation MWF 8-00\Selenium_Learning\src\test\resources
2025-07-25 08:35:16,074 [Worker-9: Building] INFO  o.a.m.s.f.DefaultMavenResourcesFiltering - skip non existing resourceDirectory C:\Users\Admin\Automation MWF 8-00\Selenium_Learning\src\main\resources
2025-07-25 08:35:16,077 [Worker-9: Building] INFO  o.a.m.s.f.DefaultMavenResourcesFiltering - skip non existing resourceDirectory C:\Users\Admin\Automation MWF 8-00\Selenium_Learning\src\test\resources
2025-07-25 08:35:18,154 [Worker-9: Building] INFO  o.a.m.s.f.DefaultMavenResourcesFiltering - skip non existing resourceDirectory C:\Users\Admin\Automation MWF 8-00\Selenium_Learning\src\main\resources
2025-07-25 08:35:18,156 [Worker-9: Building] INFO  o.a.m.s.f.DefaultMavenResourcesFiltering - skip non existing resourceDirectory C:\Users\Admin\Automation MWF 8-00\Selenium_Learning\src\test\resources
2025-07-25 08:37:48,705 [Worker-27: Building] INFO  o.a.m.s.f.DefaultMavenResourcesFiltering - skip non existing resourceDirectory C:\Users\Admin\Automation MWF 8-00\Selenium_Learning\src\main\resources
2025-07-25 08:37:48,707 [Worker-27: Building] INFO  o.a.m.s.f.DefaultMavenResourcesFiltering - skip non existing resourceDirectory C:\Users\Admin\Automation MWF 8-00\Selenium_Learning\src\test\resources
2025-07-25 08:38:12,366 [Worker-28: Building] INFO  o.a.m.s.f.DefaultMavenResourcesFiltering - skip non existing resourceDirectory C:\Users\Admin\Automation MWF 8-00\Selenium_Learning\src\main\resources
2025-07-25 08:38:12,367 [Worker-28: Building] INFO  o.a.m.s.f.DefaultMavenResourcesFiltering - skip non existing resourceDirectory C:\Users\Admin\Automation MWF 8-00\Selenium_Learning\src\test\resources
2025-07-25 08:38:16,256 [Worker-25: Building] INFO  o.a.m.s.f.DefaultMavenResourcesFiltering - skip non existing resourceDirectory C:\Users\Admin\Automation MWF 8-00\Selenium_Learning\src\main\resources
2025-07-25 08:38:16,257 [Worker-25: Building] INFO  o.a.m.s.f.DefaultMavenResourcesFiltering - skip non existing resourceDirectory C:\Users\Admin\Automation MWF 8-00\Selenium_Learning\src\test\resources
2025-07-25 08:38:32,151 [Worker-27: Building] INFO  o.a.m.s.f.DefaultMavenResourcesFiltering - skip non existing resourceDirectory C:\Users\Admin\Automation MWF 8-00\Selenium_Learning\src\main\resources
2025-07-25 08:38:32,152 [Worker-27: Building] INFO  o.a.m.s.f.DefaultMavenResourcesFiltering - skip non existing resourceDirectory C:\Users\Admin\Automation MWF 8-00\Selenium_Learning\src\test\resources
2025-07-25 08:38:33,195 [Worker-27: Building] INFO  o.a.m.s.f.DefaultMavenResourcesFiltering - skip non existing resourceDirectory C:\Users\Admin\Automation MWF 8-00\Selenium_Learning\src\main\resources
2025-07-25 08:38:33,197 [Worker-27: Building] INFO  o.a.m.s.f.DefaultMavenResourcesFiltering - skip non existing resourceDirectory C:\Users\Admin\Automation MWF 8-00\Selenium_Learning\src\test\resources
2025-07-25 08:39:40,386 [Worker-28: Building] INFO  o.a.m.s.f.DefaultMavenResourcesFiltering - skip non existing resourceDirectory C:\Users\Admin\Automation MWF 8-00\Selenium_Learning\src\main\resources
2025-07-25 08:39:40,388 [Worker-28: Building] INFO  o.a.m.s.f.DefaultMavenResourcesFiltering - skip non existing resourceDirectory C:\Users\Admin\Automation MWF 8-00\Selenium_Learning\src\test\resources
2025-07-25 08:39:42,801 [Worker-24: Building] INFO  o.a.m.s.f.DefaultMavenResourcesFiltering - skip non existing resourceDirectory C:\Users\Admin\Automation MWF 8-00\Selenium_Learning\src\main\resources
2025-07-25 08:39:42,803 [Worker-24: Building] INFO  o.a.m.s.f.DefaultMavenResourcesFiltering - skip non existing resourceDirectory C:\Users\Admin\Automation MWF 8-00\Selenium_Learning\src\test\resources
2025-07-25 08:40:02,299 [Worker-28: Building] INFO  o.a.m.s.f.DefaultMavenResourcesFiltering - skip non existing resourceDirectory C:\Users\Admin\Automation MWF 8-00\Selenium_Learning\src\main\resources
2025-07-25 08:40:02,301 [Worker-28: Building] INFO  o.a.m.s.f.DefaultMavenResourcesFiltering - skip non existing resourceDirectory C:\Users\Admin\Automation MWF 8-00\Selenium_Learning\src\test\resources
2025-07-25 08:41:28,164 [Worker-24: Building] INFO  o.a.m.s.f.DefaultMavenResourcesFiltering - skip non existing resourceDirectory C:\Users\Admin\Automation MWF 8-00\Selenium_Learning\src\main\resources
2025-07-25 08:41:28,165 [Worker-24: Building] INFO  o.a.m.s.f.DefaultMavenResourcesFiltering - skip non existing resourceDirectory C:\Users\Admin\Automation MWF 8-00\Selenium_Learning\src\test\resources
2025-07-25 08:42:05,256 [Worker-25: Building] INFO  o.a.m.s.f.DefaultMavenResourcesFiltering - skip non existing resourceDirectory C:\Users\Admin\Automation MWF 8-00\Selenium_Learning\src\main\resources
2025-07-25 08:42:05,257 [Worker-25: Building] INFO  o.a.m.s.f.DefaultMavenResourcesFiltering - skip non existing resourceDirectory C:\Users\Admin\Automation MWF 8-00\Selenium_Learning\src\test\resources
2025-07-25 08:51:56,693 [Worker-39: Building] INFO  o.a.m.s.f.DefaultMavenResourcesFiltering - skip non existing resourceDirectory C:\Users\Admin\Automation MWF 8-00\Selenium_Learning\src\main\resources
2025-07-25 08:51:56,695 [Worker-39: Building] INFO  o.a.m.s.f.DefaultMavenResourcesFiltering - skip non existing resourceDirectory C:\Users\Admin\Automation MWF 8-00\Selenium_Learning\src\test\resources
2025-07-25 08:55:04,254 [Worker-41: Building] INFO  o.a.m.s.f.DefaultMavenResourcesFiltering - skip non existing resourceDirectory C:\Users\Admin\Automation MWF 8-00\Selenium_Learning\src\main\resources
2025-07-25 08:55:04,256 [Worker-41: Building] INFO  o.a.m.s.f.DefaultMavenResourcesFiltering - skip non existing resourceDirectory C:\Users\Admin\Automation MWF 8-00\Selenium_Learning\src\test\resources
2025-07-25 08:55:06,410 [Worker-42: Building] INFO  o.a.m.s.f.DefaultMavenResourcesFiltering - skip non existing resourceDirectory C:\Users\Admin\Automation MWF 8-00\Selenium_Learning\src\main\resources
2025-07-25 08:55:06,411 [Worker-42: Building] INFO  o.a.m.s.f.DefaultMavenResourcesFiltering - skip non existing resourceDirectory C:\Users\Admin\Automation MWF 8-00\Selenium_Learning\src\test\resources
2025-07-25 08:55:07,501 [Worker-43: Building] INFO  o.a.m.s.f.DefaultMavenResourcesFiltering - skip non existing resourceDirectory C:\Users\Admin\Automation MWF 8-00\Selenium_Learning\src\main\resources
2025-07-25 08:55:07,502 [Worker-43: Building] INFO  o.a.m.s.f.DefaultMavenResourcesFiltering - skip non existing resourceDirectory C:\Users\Admin\Automation MWF 8-00\Selenium_Learning\src\test\resources
2025-07-25 08:55:08,565 [Worker-40: Building] INFO  o.a.m.s.f.DefaultMavenResourcesFiltering - skip non existing resourceDirectory C:\Users\Admin\Automation MWF 8-00\Selenium_Learning\src\main\resources
2025-07-25 08:55:08,567 [Worker-40: Building] INFO  o.a.m.s.f.DefaultMavenResourcesFiltering - skip non existing resourceDirectory C:\Users\Admin\Automation MWF 8-00\Selenium_Learning\src\test\resources
2025-07-25 08:55:35,259 [Worker-40: Building] INFO  o.a.m.s.f.DefaultMavenResourcesFiltering - skip non existing resourceDirectory C:\Users\Admin\Automation MWF 8-00\Selenium_Learning\src\main\resources
2025-07-25 08:55:35,261 [Worker-40: Building] INFO  o.a.m.s.f.DefaultMavenResourcesFiltering - skip non existing resourceDirectory C:\Users\Admin\Automation MWF 8-00\Selenium_Learning\src\test\resources
2025-07-25 08:55:50,667 [Worker-42: Building] INFO  o.a.m.s.f.DefaultMavenResourcesFiltering - skip non existing resourceDirectory C:\Users\Admin\Automation MWF 8-00\Selenium_Learning\src\main\resources
2025-07-25 08:55:50,669 [Worker-42: Building] INFO  o.a.m.s.f.DefaultMavenResourcesFiltering - skip non existing resourceDirectory C:\Users\Admin\Automation MWF 8-00\Selenium_Learning\src\test\resources
2025-07-25 08:56:57,174 [Worker-37: Building] INFO  o.a.m.s.f.DefaultMavenResourcesFiltering - skip non existing resourceDirectory C:\Users\Admin\Automation MWF 8-00\Selenium_Learning\src\main\resources
2025-07-25 08:56:57,176 [Worker-37: Building] INFO  o.a.m.s.f.DefaultMavenResourcesFiltering - skip non existing resourceDirectory C:\Users\Admin\Automation MWF 8-00\Selenium_Learning\src\test\resources
2025-07-25 08:58:11,603 [Worker-42: Building] INFO  o.a.m.s.f.DefaultMavenResourcesFiltering - skip non existing resourceDirectory C:\Users\Admin\Automation MWF 8-00\Selenium_Learning\src\main\resources
2025-07-25 08:58:11,605 [Worker-42: Building] INFO  o.a.m.s.f.DefaultMavenResourcesFiltering - skip non existing resourceDirectory C:\Users\Admin\Automation MWF 8-00\Selenium_Learning\src\test\resources
2025-07-25 08:58:38,218 [Worker-41: Building] INFO  o.a.m.s.f.DefaultMavenResourcesFiltering - skip non existing resourceDirectory C:\Users\Admin\Automation MWF 8-00\Selenium_Learning\src\main\resources
2025-07-25 08:58:38,220 [Worker-41: Building] INFO  o.a.m.s.f.DefaultMavenResourcesFiltering - skip non existing resourceDirectory C:\Users\Admin\Automation MWF 8-00\Selenium_Learning\src\test\resources
2025-07-25 08:58:59,293 [Worker-40: Building] INFO  o.a.m.s.f.DefaultMavenResourcesFiltering - skip non existing resourceDirectory C:\Users\Admin\Automation MWF 8-00\Selenium_Learning\src\main\resources
2025-07-25 08:58:59,294 [Worker-40: Building] INFO  o.a.m.s.f.DefaultMavenResourcesFiltering - skip non existing resourceDirectory C:\Users\Admin\Automation MWF 8-00\Selenium_Learning\src\test\resources
2025-07-25 08:59:16,814 [Worker-38: Building] INFO  o.a.m.s.f.DefaultMavenResourcesFiltering - skip non existing resourceDirectory C:\Users\Admin\Automation MWF 8-00\Selenium_Learning\src\main\resources
2025-07-25 08:59:16,815 [Worker-38: Building] INFO  o.a.m.s.f.DefaultMavenResourcesFiltering - skip non existing resourceDirectory C:\Users\Admin\Automation MWF 8-00\Selenium_Learning\src\test\resources
2025-07-25 08:59:53,531 [Worker-37: Building] INFO  o.a.m.s.f.DefaultMavenResourcesFiltering - skip non existing resourceDirectory C:\Users\Admin\Automation MWF 8-00\Selenium_Learning\src\main\resources
2025-07-25 08:59:53,532 [Worker-37: Building] INFO  o.a.m.s.f.DefaultMavenResourcesFiltering - skip non existing resourceDirectory C:\Users\Admin\Automation MWF 8-00\Selenium_Learning\src\test\resources
2025-07-25 09:00:14,757 [Worker-38: Building] INFO  o.a.m.s.f.DefaultMavenResourcesFiltering - skip non existing resourceDirectory C:\Users\Admin\Automation MWF 8-00\Selenium_Learning\src\main\resources
2025-07-25 09:00:14,758 [Worker-38: Building] INFO  o.a.m.s.f.DefaultMavenResourcesFiltering - skip non existing resourceDirectory C:\Users\Admin\Automation MWF 8-00\Selenium_Learning\src\test\resources
2025-07-25 09:01:53,578 [Worker-37: Building] INFO  o.a.m.s.f.DefaultMavenResourcesFiltering - skip non existing resourceDirectory C:\Users\Admin\Automation MWF 8-00\Selenium_Learning\src\main\resources
2025-07-25 09:01:53,581 [Worker-37: Building] INFO  o.a.m.s.f.DefaultMavenResourcesFiltering - skip non existing resourceDirectory C:\Users\Admin\Automation MWF 8-00\Selenium_Learning\src\test\resources
2025-07-25 09:02:11,103 [Worker-43: Building] INFO  o.a.m.s.f.DefaultMavenResourcesFiltering - skip non existing resourceDirectory C:\Users\Admin\Automation MWF 8-00\Selenium_Learning\src\main\resources
2025-07-25 09:02:11,105 [Worker-43: Building] INFO  o.a.m.s.f.DefaultMavenResourcesFiltering - skip non existing resourceDirectory C:\Users\Admin\Automation MWF 8-00\Selenium_Learning\src\test\resources
2025-07-25 09:02:15,248 [Worker-37: Building] INFO  o.a.m.s.f.DefaultMavenResourcesFiltering - skip non existing resourceDirectory C:\Users\Admin\Automation MWF 8-00\Selenium_Learning\src\main\resources
2025-07-25 09:02:15,250 [Worker-37: Building] INFO  o.a.m.s.f.DefaultMavenResourcesFiltering - skip non existing resourceDirectory C:\Users\Admin\Automation MWF 8-00\Selenium_Learning\src\test\resources
2025-07-25 09:02:31,936 [Worker-40: Building] INFO  o.a.m.s.f.DefaultMavenResourcesFiltering - skip non existing resourceDirectory C:\Users\Admin\Automation MWF 8-00\Selenium_Learning\src\main\resources
2025-07-25 09:02:31,937 [Worker-40: Building] INFO  o.a.m.s.f.DefaultMavenResourcesFiltering - skip non existing resourceDirectory C:\Users\Admin\Automation MWF 8-00\Selenium_Learning\src\test\resources
2025-07-25 09:03:03,143 [Worker-38: Building] INFO  o.a.m.s.f.DefaultMavenResourcesFiltering - skip non existing resourceDirectory C:\Users\Admin\Automation MWF 8-00\Selenium_Learning\src\main\resources
2025-07-25 09:03:03,144 [Worker-38: Building] INFO  o.a.m.s.f.DefaultMavenResourcesFiltering - skip non existing resourceDirectory C:\Users\Admin\Automation MWF 8-00\Selenium_Learning\src\test\resources
2025-07-25 09:03:33,609 [Worker-41: Building] INFO  o.a.m.s.f.DefaultMavenResourcesFiltering - skip non existing resourceDirectory C:\Users\Admin\Automation MWF 8-00\Selenium_Learning\src\main\resources
2025-07-25 09:03:33,611 [Worker-41: Building] INFO  o.a.m.s.f.DefaultMavenResourcesFiltering - skip non existing resourceDirectory C:\Users\Admin\Automation MWF 8-00\Selenium_Learning\src\test\resources
2025-07-25 09:04:00,028 [Worker-41: Building] INFO  o.a.m.s.f.DefaultMavenResourcesFiltering - skip non existing resourceDirectory C:\Users\Admin\Automation MWF 8-00\Selenium_Learning\src\main\resources
2025-07-25 09:04:00,029 [Worker-41: Building] INFO  o.a.m.s.f.DefaultMavenResourcesFiltering - skip non existing resourceDirectory C:\Users\Admin\Automation MWF 8-00\Selenium_Learning\src\test\resources
2025-07-25 09:05:20,228 [Worker-41: Building] INFO  o.a.m.s.f.DefaultMavenResourcesFiltering - skip non existing resourceDirectory C:\Users\Admin\Automation MWF 8-00\Selenium_Learning\src\main\resources
2025-07-25 09:05:20,230 [Worker-41: Building] INFO  o.a.m.s.f.DefaultMavenResourcesFiltering - skip non existing resourceDirectory C:\Users\Admin\Automation MWF 8-00\Selenium_Learning\src\test\resources
